<?xml version="1.0" encoding="UTF-8"?>
<testsuites name="jest tests" tests="3" failures="0" time="1.367">
  <testsuite name="List tests" errors="0" failures="0" skipped="0" timestamp="2023-04-11T09:44:43" time="1.046" tests="3">
    <testcase classname="List tests" name="Poprawnie dodano przycisk do komponentu" time="0.015">
    </testcase>
    <testcase classname="List tests" name="Po kliknięciu w button jednokrotnie, wartość ustawia się na 1" time="0.002">
    </testcase>
    <testcase classname="List tests" name="Po kliknięciu w button wieloktornie, wartość zwiększa się poprawnie" time="0.002">
    </testcase>
  </testsuite>
</testsuites>